/home/compsciwins/scripts/node_modules/puppeteer-core/lib/cjs/puppeteer/node/BrowserLauncher.js:298
                    throw new Error(`Could not find Chrome (ver. ${this.puppeteer.browserVersion}). This can occur if either\n` +
                          ^

Error: Could not find Chrome (ver. 132.0.6834.83). This can occur if either
 1. you did not perform an installation before running the script (e.g. `npx puppeteer browsers install chrome`) or
 2. your cache path is incorrectly configured (which is: /home/compsciwins/.cache/puppeteer).
For (2), check out our guide on configuring puppeteer at https://pptr.dev/guides/configuration.
    at ChromeLauncher.resolveExecutablePath (/home/compsciwins/scripts/node_modules/puppeteer-core/lib/cjs/puppeteer/node/BrowserLauncher.js:298:27)
    at ChromeLauncher.computeLaunchArguments (/home/compsciwins/scripts/node_modules/puppeteer-core/lib/cjs/puppeteer/node/ChromeLauncher.js:93:24)
    at async ChromeLauncher.launch (/home/compsciwins/scripts/node_modules/puppeteer-core/lib/cjs/puppeteer/node/BrowserLauncher.js:84:28)
    at async scrapeLeetCode (/home/compsciwins/scripts/scrap.js:4:21)

Node.js v23.4.0
/home/compsciwins/scripts/node_modules/puppeteer-core/lib/cjs/puppeteer/node/BrowserLauncher.js:298
                    throw new Error(`Could not find Chrome (ver. ${this.puppeteer.browserVersion}). This can occur if either\n` +
                          ^

Error: Could not find Chrome (ver. 132.0.6834.83). This can occur if either
 1. you did not perform an installation before running the script (e.g. `npx puppeteer browsers install chrome`) or
 2. your cache path is incorrectly configured (which is: /home/compsciwins/.cache/puppeteer).
For (2), check out our guide on configuring puppeteer at https://pptr.dev/guides/configuration.
    at ChromeLauncher.resolveExecutablePath (/home/compsciwins/scripts/node_modules/puppeteer-core/lib/cjs/puppeteer/node/BrowserLauncher.js:298:27)
    at ChromeLauncher.computeLaunchArguments (/home/compsciwins/scripts/node_modules/puppeteer-core/lib/cjs/puppeteer/node/ChromeLauncher.js:93:24)
    at async ChromeLauncher.launch (/home/compsciwins/scripts/node_modules/puppeteer-core/lib/cjs/puppeteer/node/BrowserLauncher.js:84:28)
    at async scrapeLeetCode (/home/compsciwins/scripts/scrap.js:4:21)

Node.js v23.4.0
